2020-04-19 16:08:03,0.0,1.1
2020-04-19 16:09:04,1.0,1.3
2020-04-19 16:10:06,1.0,1.2
2020-04-19 16:11:07,1.0,1.4
2020-04-19 16:30:46,1.0,1.4
2020-04-19 16:31:47,1.0,1.4
2020-04-19 16:32:48,1.0,1.4
2020-04-19 16:33:50,1.0,1.4
2020-04-19 16:34:51,1.0,1.4
2020-04-19 16:35:52,0.0,1.4
2020-04-19 16:36:53,0.0,1.4
2020-04-19 16:37:54,2.0,1.4
2020-04-19 16:38:56,1.0,1.4
2020-04-19 16:39:57,1.0,1.4
2020-04-19 16:40:58,0.0,1.4
2020-04-19 16:41:59,0.0,1.4
2020-04-19 16:43:00,1.0,1.4
2020-04-19 16:44:02,1.0,1.4
2020-04-19 16:45:03,0.0,1.4
2020-04-19 16:46:04,1.0,1.4
2020-04-19 16:47:05,1.0,1.4
2020-04-19 16:48:06,0.0,1.4
2020-04-19 16:49:08,1.0,1.4
2020-04-19 16:50:09,1.0,1.4
2020-04-19 16:51:10,2.0,1.4
2020-04-19 16:52:11,1.0,1.4
2020-04-19 16:53:12,1.0,1.4
2020-04-19 16:54:14,0.0,1.4
2020-04-19 16:55:15,1.0,1.0
2020-04-19 16:56:16,0.0,1.0
2020-04-19 16:57:17,1.0,1.0
2020-04-19 16:58:19,0.0,1.0
2020-04-19 16:59:20,2.0,1.0
2020-04-19 17:00:21,1.0,1.0
2020-04-19 17:01:22,0.0,1.0
2020-04-19 17:02:23,1.0,1.0
2020-04-19 17:03:25,0.0,1.0
2020-04-19 17:04:26,2.0,1.0
2020-04-19 17:05:27,0.0,1.0
2020-04-19 17:06:28,1.0,1.0
2020-04-19 17:07:29,1.0,1.0
2020-04-19 17:08:31,1.0,1.0
2020-04-19 17:09:32,0.0,1.0
2020-04-19 17:10:33,0.0,1.0
2020-04-19 17:11:34,0.0,1.0
2020-04-19 17:12:35,0.0,1.0
2020-04-19 17:13:37,0.0,1.0
2020-04-19 17:14:38,0.0,1.0
2020-04-19 17:15:39,0.0,1.0
2020-04-19 17:16:40,1.0,1.0
2020-04-19 17:17:41,2.0,1.0
2020-04-19 17:18:43,0.0,1.0
2020-04-19 17:19:44,0.0,1.0
2020-04-19 17:20:45,1.0,1.0
2020-04-19 17:21:46,1.0,1.0
2020-04-19 17:22:47,2.0,1.0
2020-04-19 17:23:49,2.0,1.0
2020-04-19 17:24:50,1.0,1.0
2020-04-19 17:40:02,0.0,1.0
2020-04-19 17:41:04,1.0,1.0
2020-04-19 17:42:05,1.0,1.0
2020-04-19 17:43:06,2.0,1.0
2020-04-19 17:44:07,1.0,1.0
2020-04-19 21:49:39,1.0,1.0
2020-04-19 21:50:40,1.0,1.0
2020-04-19 21:51:42,1.0,1.0
2020-04-19 21:52:43,1.0,1.0
2020-04-19 21:53:44,1.0,1.0
2020-04-19 21:54:45,1.0,1.0
2020-04-19 21:55:47,0.0,1.0
2020-04-19 21:56:48,3.0,1.0
2020-04-19 21:57:49,1.0,1.0
2020-04-19 21:58:50,0.0,1.0
2020-04-19 21:59:51,1.0,1.0
2020-04-19 22:00:53,0.0,1.0
2020-04-19 22:01:54,1.0,1.0
2020-04-19 22:02:55,1.0,1.0
2020-04-19 22:03:56,1.0,1.0
2020-04-19 22:04:57,1.0,1.0
2020-04-19 22:05:59,2.0,1.0
2020-04-19 22:07:00,0.0,1.0
2020-04-19 22:08:01,1.0,1.0
2020-04-19 22:09:02,0.0,1.0
2020-04-19 22:10:03,0.0,1.0
2020-04-19 22:11:05,2.0,1.0
2020-04-19 22:12:06,1.0,1.0
2020-04-19 22:13:07,0.0,1.0
2020-04-19 22:14:08,1.0,1.0
2020-04-19 22:15:09,1.0,1.0
2020-04-19 22:16:11,0.0,1.0
2020-04-19 22:17:12,2.0,1.0
2020-04-19 22:18:13,1.0,1.0
2020-04-19 22:19:14,0.0,1.0
2020-04-19 22:20:15,1.0,1.0
2020-04-19 22:21:17,0.0,1.0
2020-04-19 22:22:18,0.0,1.0
2020-04-19 22:23:19,3.0,1.0
2020-04-19 22:24:20,1.0,1.0
2020-04-19 22:25:21,1.0,1.0
2020-04-19 22:26:23,0.0,1.0
2020-04-19 22:27:24,1.0,1.0
2020-04-19 22:28:25,0.0,1.0
2020-04-19 22:29:26,1.0,1.0
2020-04-19 22:30:27,0.0,1.0
2020-04-19 22:31:29,1.0,1.0
2020-04-19 22:32:30,1.0,1.0
2020-04-19 22:33:31,1.0,1.0
2020-04-19 22:34:32,0.0,1.0
2020-04-19 22:35:33,0.0,1.0
2020-04-19 22:36:35,2.0,1.0
2020-04-19 22:37:36,1.0,1.0
2020-04-19 22:38:37,0.0,1.0
2020-04-19 22:39:38,0.0,1.0
2020-04-19 22:40:39,0.0,1.0
2020-04-19 22:41:40,1.0,1.0
2020-04-19 22:42:42,2.0,1.0
2020-04-19 22:43:43,1.0,1.0
2020-04-19 22:44:44,1.0,1.0
2020-04-19 22:45:45,0.0,1.0
2020-04-19 22:46:46,1.0,1.0
2020-04-19 22:47:48,1.0,1.0
2020-04-19 22:48:49,0.0,1.0
2020-04-19 22:49:50,2.0,1.0
2020-04-19 22:50:51,0.0,1.0
2020-04-19 22:51:52,0.0,1.0
2020-04-19 22:52:54,1.0,1.0
2020-04-19 22:53:55,1.0,1.0
2020-04-19 22:54:56,1.0,1.0
2020-04-19 22:55:57,1.0,1.0
2020-04-19 22:56:58,2.0,1.0
2020-04-19 22:58:00,1.0,1.0
2020-04-19 22:59:01,2.0,1.0
2020-04-20 06:55:10,1.0,1.0
2020-04-20 06:56:11,1.0,1.8
2020-04-20 06:57:12,16.0,2.1
2020-04-20 06:58:13,1.0,2.0
2020-04-20 06:59:14,6.0,2.3
2020-04-20 07:00:16,1.0,1.9
2020-04-20 07:01:17,2.0,2.5
2020-04-20 07:02:18,3.0,2.3
2020-04-20 07:03:19,3.0,2.1
2020-04-20 07:04:20,3.0,2.1
2020-04-20 07:05:22,2.0,1.8
2020-04-20 07:06:23,2.0,1.8
2020-04-20 07:07:24,3.0,1.8
2020-04-20 07:08:25,3.0,0.9
2020-04-20 07:09:26,2.0,1.0
2020-04-20 07:10:28,2.0,1.8
2020-04-20 07:11:29,4.0,1.5
2020-04-20 07:12:30,2.0,1.1
2020-04-20 07:13:31,3.0,1.2
2020-04-20 07:14:32,2.0,1.3
2020-04-20 07:15:34,3.0,1.5
2020-04-20 07:16:35,6.9,1.6
2020-04-20 07:17:36,2.0,1.6
2020-04-20 07:18:37,4.0,1.6
2020-04-20 07:19:38,2.0,1.7
2020-04-20 07:20:40,2.0,1.6
2020-04-20 07:21:41,4.0,1.6
2020-04-20 07:22:42,2.0,1.6
2020-04-20 07:23:43,2.0,1.7
2020-04-20 07:24:44,2.0,1.6
2020-04-20 07:25:46,2.0,1.6
2020-04-20 07:26:47,3.0,1.7
2020-04-20 07:27:48,6.0,1.6
2020-04-20 07:28:49,3.0,1.6
2020-04-20 07:29:50,2.0,1.6
2020-04-20 07:30:52,3.0,1.7
2020-04-20 07:31:53,2.0,1.6
2020-04-20 07:32:54,3.0,1.7
2020-04-20 07:33:55,3.0,1.5
2020-04-20 07:34:56,3.0,1.6
2020-04-20 07:35:58,3.0,1.6
2020-04-20 07:36:59,2.0,1.6
2020-04-20 07:38:00,5.0,1.6
2020-04-20 07:39:01,5.0,1.6
2020-04-20 07:40:02,3.0,1.6
2020-04-20 07:41:04,21.0,2.0
2020-04-20 07:42:05,3.0,1.6
2020-04-20 07:43:06,4.0,1.6
2020-04-20 07:44:07,7.0,1.6
2020-04-20 07:45:08,3.0,1.6
2020-04-20 07:46:10,3.0,1.6
2020-04-20 07:47:11,3.0,1.6
2020-04-20 07:48:12,4.0,1.5
2020-04-20 07:49:13,3.0,1.6
2020-04-20 07:50:15,3.0,1.6
2020-04-20 07:51:16,3.0,1.6
2020-04-20 07:52:17,3.0,1.6
2020-04-20 07:53:18,3.0,1.7
2020-04-20 07:54:19,2.0,1.6
2020-04-20 07:55:21,2.0,1.6
2020-04-20 07:56:22,2.0,1.8
2020-04-20 07:57:23,2.0,1.6
2020-04-20 07:58:24,3.0,1.6
2020-04-20 07:59:25,4.0,1.6
2020-04-20 08:00:27,3.0,1.6
2020-04-20 08:01:28,3.0,1.6
2020-04-20 08:02:29,3.0,1.7
2020-04-20 08:03:30,5.0,1.6
2020-04-20 08:04:31,4.0,1.7
2020-04-20 08:05:33,2.0,1.6
2020-04-20 08:06:34,2.0,1.6
2020-04-20 08:07:35,3.0,1.6
2020-04-20 08:08:36,3.0,1.6
2020-04-20 08:09:37,2.0,1.7
2020-04-20 08:10:39,4.0,1.6
2020-04-20 08:11:40,4.0,1.7
2020-04-20 08:12:41,2.0,1.6
2020-04-20 08:13:42,2.0,1.6
2020-04-20 08:14:43,2.0,1.7
2020-04-20 08:15:45,3.0,1.6
2020-04-20 08:16:46,4.0,1.7
2020-04-20 08:17:47,3.0,1.6
2020-04-20 08:18:48,4.0,1.8
2020-04-20 08:19:49,6.0,1.7
2020-04-20 10:11:38,3.0,1.6
2020-04-20 11:09:30,2.0,1.7
2020-04-20 11:10:31,3.0,1.7
2020-04-20 11:11:32,4.0,1.7
2020-04-20 11:12:33,3.0,1.7
2020-04-20 11:13:35,4.0,1.7
2020-04-20 11:14:36,3.0,1.7
2020-04-20 11:15:37,3.0,2.0
2020-04-20 11:16:38,22.0,1.9
2020-04-20 11:17:39,3.0,1.9
2020-04-20 14:54:54,4.0,2.4
2020-04-20 14:55:55,4.0,1.5
2020-04-20 14:56:56,6.0,1.5
2020-04-20 14:57:57,1.0,1.5
2020-04-20 14:58:59,2.0,1.5
2020-04-20 15:00:00,2.0,1.5
2020-04-20 15:01:01,5.0,1.5
2020-04-20 15:02:02,3.0,1.5
2020-04-20 15:03:03,2.0,1.5
2020-04-20 15:04:04,4.0,1.5
2020-04-20 15:05:06,4.0,1.5
2020-04-20 15:06:07,3.0,1.5
2020-04-20 15:07:08,4.0,1.5
2020-04-20 15:08:09,4.0,1.5
2020-04-20 15:09:10,4.0,1.5
2020-04-20 15:39:47,3.0,1.5
2020-04-20 15:40:49,3.0,1.5
2020-04-20 15:41:50,4.0,1.5
2020-04-20 15:45:19,3.0,1.5
2020-04-20 15:46:20,3.0,1.5
2020-04-20 15:47:21,3.0,1.5
2020-04-20 15:48:22,3.0,1.5
2020-04-20 15:49:23,4.0,1.5
2020-04-20 15:50:25,4.0,1.5
2020-04-20 15:51:26,5.0,1.5
2020-04-20 15:52:27,4.0,1.5
2020-04-20 15:53:28,3.0,1.5
2020-04-20 15:54:29,3.0,1.5
2020-04-20 15:55:31,3.0,1.5
2020-04-20 15:56:32,3.0,1.5
2020-04-20 15:57:33,4.0,1.5
2020-04-20 15:58:34,4.0,1.5
2020-04-20 15:59:35,4.0,1.5
2020-04-20 16:00:37,5.0,1.5
2020-04-20 16:01:38,4.0,1.5
2020-04-20 16:02:39,3.0,1.5
2020-04-20 16:03:40,4.0,1.5
2020-04-20 16:04:41,3.0,0.7
2020-04-20 16:05:43,3.0,0.7
2020-04-20 16:06:44,4.0,0.7
2020-04-20 16:07:45,3.0,0.7
2020-04-20 16:08:46,3.0,0.7
2020-04-20 16:09:47,4.0,0.7
2020-04-20 16:10:49,4.0,0.7
2020-04-20 16:11:50,3.0,0.7
2020-04-20 16:12:51,5.0,0.7
2020-04-20 16:13:52,4.0,0.7
2020-04-20 16:14:53,5.0,0.7
2020-04-20 16:15:55,4.0,0.7
2020-04-20 16:16:56,4.0,0.7
2020-04-20 16:17:57,3.0,0.7
2020-04-20 16:18:58,4.0,0.7
2020-04-20 16:20:00,4.0,0.7
2020-04-20 16:21:01,4.0,0.7
2020-04-20 16:22:02,4.0,0.7
2020-04-20 17:22:08,0.0,0.7
2020-04-20 17:23:10,5.0,0.7
2020-04-20 17:24:11,4.0,0.7
2020-04-20 17:25:12,4.0,0.7
2020-04-20 17:26:13,3.0,0.7
2020-04-20 17:27:15,3.0,0.7
2020-04-20 17:28:16,3.0,0.7
2020-04-20 17:29:17,4.0,0.7
2020-04-20 17:30:18,4.0,0.7
2020-04-20 17:31:19,4.0,0.7
2020-04-20 17:32:21,3.0,0.7
2020-04-20 17:33:22,3.0,0.7
2020-04-20 17:34:23,4.0,0.7
2020-04-20 17:35:24,3.0,0.7
2020-04-20 17:36:25,3.0,0.7
2020-04-20 17:37:27,3.0,0.7
2020-04-20 17:38:28,4.0,0.7
2020-04-20 17:39:29,4.0,0.7
2020-04-20 17:40:30,4.0,0.7
2020-04-20 17:41:31,4.0,0.7
2020-04-20 17:42:33,4.0,0.7
2020-04-20 17:43:34,3.0,0.7
2020-04-20 17:44:35,3.0,0.7
2020-04-20 17:45:36,5.0,0.7
2020-04-20 17:46:37,7.0,0.7
2020-04-20 17:47:39,3.0,0.7
2020-04-20 17:48:40,2.0,0.7
2020-04-20 17:49:41,1.0,0.7
2020-04-20 17:50:42,4.0,0.7
2020-04-20 17:51:44,4.0,0.7
2020-04-20 17:52:45,4.0,0.7
2020-04-20 17:53:46,4.0,0.7
2020-04-20 17:54:47,3.0,0.7
2020-04-20 17:55:48,4.0,0.7
2020-04-20 17:56:50,3.0,0.7
2020-04-20 19:45:07,4.0,0.7
2020-04-20 19:46:08,5.0,0.7
2020-04-20 19:47:09,4.0,0.7
2020-04-20 19:48:10,5.0,0.7
2020-04-20 19:49:11,3.0,0.7
2020-04-20 19:50:13,3.0,0.7
2020-04-20 19:51:14,4.0,0.7
2020-04-20 19:52:15,4.0,0.7
2020-04-20 21:00:33,4.0,0.7
2020-04-20 21:01:34,3.0,0.7
2020-04-20 21:02:35,4.0,0.6
2020-04-20 21:03:36,4.0,0.6
2020-04-20 21:04:38,4.0,0.6
2020-04-20 21:05:39,5.0,0.6
2020-04-20 21:06:40,3.0,0.6
2020-04-20 21:07:41,6.0,0.6
2020-04-20 21:08:42,2.0,0.6
2020-04-20 21:09:44,4.0,0.5
2020-04-20 21:10:45,4.0,0.5
2020-04-20 21:11:46,3.0,0.5
2020-04-20 21:12:47,3.0,0.5
2020-04-20 21:13:48,3.0,0.5
2020-04-20 21:14:50,4.0,0.5
2020-04-20 21:15:51,3.0,0.5
2020-04-20 21:16:52,4.0,0.5
2020-04-20 21:17:53,4.0,0.5
2020-04-20 21:18:54,3.0,0.5
2020-04-20 21:19:56,3.0,0.5
2020-04-20 21:20:57,5.0,0.5
2020-04-20 21:21:58,3.0,0.5
2020-04-20 21:22:59,4.0,0.5
2020-04-20 21:24:00,3.0,0.5
2020-04-20 21:25:01,4.0,0.5
2020-04-20 21:26:03,3.0,0.5
2020-04-20 21:27:04,4.0,0.5
2020-04-20 21:28:05,3.0,0.5
2020-04-20 21:29:06,3.0,0.5
2020-04-20 21:30:07,3.0,0.5
2020-04-21 05:27:34,5.0,0.5
2020-04-21 05:28:35,4.0,0.5
2020-04-21 05:29:36,4.0,0.5
2020-04-21 05:30:38,3.0,1.0
2020-04-21 05:31:39,4.0,1.6
2020-04-21 05:56:00,5.0,1.2
2020-04-21 05:57:01,4.0,1.2
2020-04-21 05:58:02,5.0,1.2
2020-04-21 05:59:04,1.0,1.2
2020-04-21 06:00:05,4.0,1.2
2020-04-21 06:01:06,4.0,1.2
2020-04-21 06:02:07,5.0,1.2
2020-04-21 06:08:58,5.0,1.2
2020-04-21 06:10:00,5.0,1.2
2020-04-21 06:11:01,4.0,1.2
2020-04-21 06:12:02,4.0,1.2
2020-04-21 06:13:03,4.0,1.2
2020-04-21 06:14:04,5.0,1.2
2020-04-21 08:58:28,3.0,1.8
2020-04-21 08:59:29,4.0,1.9
2020-04-21 09:00:30,4.0,2.0
2020-04-21 09:01:31,8.0,2.3
2020-04-21 09:02:32,5.0,2.0
2020-04-21 09:03:34,6.0,1.8
2020-04-21 09:04:35,3.0,1.8
2020-04-21 09:05:36,6.0,2.1
2020-04-21 09:06:37,2.0,2.0
2020-04-21 09:07:38,5.0,1.7
2020-04-21 09:08:40,10.0,1.3
2020-04-21 09:09:41,7.0,1.0
2020-04-21 09:10:42,9.0,1.2
2020-04-21 09:11:43,7.0,1.3
2020-04-21 09:12:44,6.0,1.5
2020-04-21 09:13:46,8.0,1.5
2020-04-21 09:14:47,5.9,1.4
2020-04-21 09:15:48,6.9,1.4
2020-04-21 09:16:49,6.0,1.5
2020-04-21 09:17:50,7.0,1.5
2020-04-21 09:18:52,5.9,1.4
2020-04-21 09:19:53,6.0,1.5
2020-04-21 09:20:54,6.0,1.5
2020-04-21 09:21:55,8.0,1.5
2020-04-21 09:22:56,7.0,1.5
2020-04-21 09:23:58,7.0,1.5
2020-04-21 09:24:59,6.0,1.4
2020-04-21 09:26:00,11.0,1.5
2020-04-21 09:27:01,5.9,1.4
2020-04-21 09:28:02,6.0,1.4
2020-04-21 09:29:04,6.0,1.6
2020-04-21 09:30:05,6.0,1.4
2020-04-21 09:31:06,9.0,1.5
2020-04-21 09:32:07,8.0,1.5
2020-04-21 09:33:08,6.9,1.5
2020-04-21 09:34:10,7.0,1.4
2020-04-21 09:35:11,7.0,1.4
2020-04-21 09:36:12,8.0,1.4
2020-04-21 09:37:13,8.0,1.5
2020-04-21 09:38:14,12.9,1.5
2020-04-21 09:39:16,7.0,1.5
2020-04-21 09:40:17,7.9,1.5
2020-04-21 09:41:18,6.0,1.5
2020-04-21 09:42:19,7.0,1.5
2020-04-21 09:43:20,13.0,1.4
2020-04-21 09:44:22,7.0,1.4
2020-04-21 09:45:23,7.0,1.5
2020-04-21 09:46:24,6.0,1.4
2020-04-21 09:47:25,6.0,1.5
2020-04-21 09:48:26,8.0,1.4
2020-04-21 09:49:28,6.0,1.5
2020-04-21 09:50:29,7.0,1.5
2020-04-21 09:51:30,6.0,1.5
2020-04-21 09:52:31,6.0,1.5
2020-04-21 09:53:32,9.9,1.5
2020-04-21 09:54:34,7.0,1.5
2020-04-21 09:55:35,5.9,1.5
2020-04-21 09:56:36,3.0,1.5
2020-04-21 09:57:37,7.9,1.4
2020-04-21 09:58:38,7.0,1.6
2020-04-21 09:59:40,7.0,1.4
2020-04-21 10:00:41,6.0,1.5
2020-04-21 10:01:42,10.0,1.5
2020-04-21 10:02:43,7.0,1.5
2020-04-21 10:03:45,6.0,1.4
2020-04-21 10:04:46,6.0,1.5
2020-04-21 10:05:47,7.0,1.4
2020-04-21 10:06:48,7.0,0.7
2020-04-21 10:07:49,6.0,0.6
2020-04-21 10:08:51,7.0,0.8
2020-04-21 10:09:52,9.0,0.9
2020-04-21 10:10:53,6.0,1.1
2020-04-21 10:11:54,5.0,1.2
2020-04-21 10:12:55,5.0,1.3
2020-04-21 10:13:57,7.0,1.4
2020-04-21 10:14:58,9.0,1.5
2020-04-21 10:15:59,6.0,1.4
2020-04-21 10:17:00,7.0,1.4
2020-04-21 10:18:01,7.0,1.4
2020-04-21 10:19:03,7.0,1.4
2020-04-21 10:20:04,8.0,1.4
2020-04-21 10:21:05,5.9,1.4
2020-04-21 11:49:05,6.0,0.6
2020-04-21 11:50:07,8.0,0.6
2020-04-21 11:51:08,6.9,0.6
2020-04-21 11:52:09,7.0,0.6
2020-04-21 11:53:10,8.0,0.6
2020-04-21 11:54:11,6.0,0.6
2020-04-21 11:55:13,7.0,0.6
2020-04-21 11:56:14,6.9,0.6
2020-04-21 11:57:15,7.0,0.6
2020-04-21 11:58:16,10.0,0.6
2020-04-21 11:59:17,5.0,0.6
2020-04-21 12:00:19,5.0,0.6
2020-04-21 12:01:20,7.0,0.6
2020-04-21 12:02:21,5.9,0.6
2020-04-21 12:03:22,7.0,0.6
2020-04-21 12:04:23,7.0,0.6
2020-04-21 12:05:25,6.0,0.6
2020-04-21 13:30:11,7.0,0.6
2020-04-21 13:31:13,6.0,0.6
2020-04-21 13:32:14,6.0,0.6
2020-04-21 13:33:15,6.0,0.6
2020-04-21 13:34:16,5.9,0.6
2020-04-21 13:35:17,6.0,0.6
2020-04-21 13:36:19,8.0,0.6
2020-04-21 13:37:20,6.0,0.6
2020-04-21 13:38:21,8.0,0.6
2020-04-21 13:39:22,6.0,0.6
2020-04-21 13:40:23,7.0,0.6
2020-04-21 13:41:24,6.0,0.6
2020-04-21 13:42:26,5.0,0.6
2020-04-21 13:43:27,6.0,0.6
2020-04-21 13:44:28,6.0,0.6
2020-04-21 13:45:29,6.9,0.6
2020-04-21 13:46:30,7.9,0.6
2020-04-21 13:47:32,6.0,0.6
2020-04-21 13:48:33,8.9,0.6
2020-04-21 13:49:34,5.0,0.6
2020-04-21 13:50:35,5.9,0.6
2020-04-21 13:51:36,6.0,0.6
2020-04-21 13:52:38,6.0,0.6
2020-04-21 13:53:39,7.0,0.6
2020-04-21 13:54:40,6.0,0.6
2020-04-21 13:55:41,6.0,0.6
2020-04-21 14:11:35,7.0,0.6
2020-04-21 14:12:36,6.9,0.5
2020-04-21 14:13:38,6.0,0.5
2020-04-21 14:14:39,6.0,0.5
2020-04-21 14:15:40,5.9,0.5
2020-04-21 14:16:41,6.0,0.5
2020-04-21 14:17:42,5.0,0.5
2020-04-21 14:18:44,8.0,0.5
2020-04-21 14:19:45,5.0,0.5
2020-04-21 14:20:46,6.0,0.5
2020-04-21 14:21:47,7.0,0.5
2020-04-21 14:22:48,7.0,0.5
2020-04-21 14:23:50,7.0,0.5
2020-04-21 14:24:51,8.0,0.5
2020-04-21 14:25:52,8.0,0.5
2020-04-21 14:26:53,6.9,0.5
2020-04-21 14:27:54,7.0,0.5
2020-04-21 14:28:56,5.0,0.5
2020-04-21 14:29:57,9.0,0.5
2020-04-21 14:30:58,7.0,0.5
2020-04-21 14:31:59,7.0,0.5
2020-04-21 14:33:00,6.0,0.5
2020-04-21 14:34:02,6.0,0.5
2020-04-21 14:35:03,7.0,0.5
2020-04-21 14:36:04,6.0,0.5
2020-04-21 14:37:05,7.0,0.5
2020-04-21 14:38:06,6.0,0.5
2020-04-21 14:39:08,7.0,0.5
2020-04-21 14:40:09,7.0,0.5
2020-04-21 14:41:10,6.0,0.5
2020-04-21 14:42:11,6.0,0.5
2020-04-21 14:43:12,5.9,0.5
2020-04-21 14:44:14,7.0,0.5
2020-04-21 14:45:15,6.0,0.5
2020-04-21 14:46:16,3.0,0.5
2020-04-21 14:47:17,4.0,0.5
2020-04-21 14:48:18,7.0,0.5
2020-04-21 14:49:20,4.0,0.5
2020-04-21 14:50:21,3.0,0.5
2020-04-21 14:51:22,6.0,0.5
2020-04-21 14:52:23,6.0,0.5
2020-04-21 14:53:24,5.0,0.5
2020-04-21 14:54:26,6.9,0.5
2020-04-21 14:55:27,6.0,0.5
2020-04-21 14:56:28,6.0,0.5
2020-04-21 14:57:29,6.9,0.5
2020-04-21 14:58:30,7.0,0.6
2020-04-21 14:59:32,5.0,0.6
2020-04-21 15:00:33,5.0,0.6
2020-04-21 15:01:34,5.0,0.6
2020-04-21 15:02:35,6.0,0.6
2020-04-21 15:03:36,5.0,0.6
2020-04-21 15:04:38,7.0,0.6
2020-04-21 15:05:39,6.0,0.6
2020-04-21 15:06:40,6.0,0.6
2020-04-21 15:07:41,5.0,0.6
2020-04-21 15:08:42,4.0,0.6
2020-04-21 15:09:43,6.0,0.6
2020-04-21 15:10:45,6.0,0.6
2020-04-21 15:11:46,7.0,0.6
2020-04-21 15:12:47,5.0,0.6
2020-04-21 15:13:48,6.0,0.6
2020-04-21 15:14:49,7.0,0.6
2020-04-21 15:15:51,6.0,0.6
2020-04-21 15:16:52,6.0,0.6
2020-04-21 15:17:53,5.0,0.6
2020-04-21 17:03:14,6.0,0.6
2020-04-21 17:04:16,6.9,0.6
2020-04-21 17:05:17,6.0,0.6
2020-04-21 17:06:18,7.0,0.6
2020-04-21 17:07:19,6.9,0.6
2020-04-21 17:08:20,8.9,0.6
2020-04-21 17:09:22,5.9,0.6
2020-04-21 17:10:23,5.9,0.6
2020-04-21 17:11:24,7.0,0.6
2020-04-21 17:12:25,6.0,0.6
2020-04-21 17:13:26,7.9,0.6
2020-04-21 17:14:28,5.0,0.6
2020-04-21 17:15:29,5.0,0.6
2020-04-21 17:16:30,5.9,0.6
2020-04-21 17:17:31,7.0,0.6
2020-04-21 17:18:32,5.9,0.6
2020-04-21 17:19:34,7.0,0.6
2020-04-21 17:20:35,5.0,0.6
2020-04-21 17:21:36,7.0,0.6
2020-04-21 17:22:37,7.0,0.6
2020-04-21 17:23:38,5.9,0.6
2020-04-21 17:24:40,6.0,0.6
2020-04-21 17:25:41,7.0,0.6
2020-04-21 17:26:42,7.0,0.6
2020-04-21 17:27:43,6.0,0.6
2020-04-21 17:28:44,5.0,0.6
2020-04-21 17:29:46,6.0,0.6
2020-04-21 17:30:47,5.0,0.6
2020-04-21 17:31:48,7.0,0.6
2020-04-21 17:32:49,6.0,0.6
2020-04-21 17:33:50,5.0,0.6
2020-04-21 17:34:52,9.0,0.6
2020-04-21 17:35:53,6.0,0.6
2020-04-21 17:36:54,6.0,0.6
2020-04-21 17:37:55,7.0,0.6
2020-04-21 17:38:56,7.0,0.6
2020-04-21 17:39:58,6.9,0.6
2020-04-21 17:40:59,8.0,0.6
2020-04-21 17:42:00,6.0,0.6
2020-04-21 17:43:01,7.0,0.6
2020-04-21 17:44:02,7.0,0.6
2020-04-21 17:45:04,5.9,0.6
2020-04-21 17:46:05,7.0,0.6
2020-04-21 17:47:06,7.0,0.6
2020-04-21 18:18:18,5.0,0.6
2020-04-21 18:19:19,7.0,0.6
2020-04-21 18:20:20,6.0,0.6
2020-04-21 18:21:21,6.0,0.6
2020-04-21 18:22:22,7.0,0.6
2020-04-21 18:23:24,7.0,0.6
2020-04-21 18:24:25,6.0,0.6
2020-04-21 18:25:26,7.0,0.6
2020-04-21 18:26:27,5.0,0.6
2020-04-21 18:27:28,6.0,0.6
2020-04-21 18:28:30,7.0,0.6
2020-04-21 18:29:31,5.9,0.6
2020-04-21 18:30:32,7.0,0.6
2020-04-21 18:31:33,5.0,0.6
2020-04-21 18:32:34,9.0,0.6
2020-04-21 18:33:36,6.0,0.6
2020-04-21 18:34:37,6.0,0.6
2020-04-21 18:35:38,6.0,0.6
2020-04-21 18:36:39,4.0,0.6
2020-04-21 18:37:40,6.0,0.6
2020-04-21 18:38:42,4.0,0.6
2020-04-21 18:39:43,4.0,0.6
2020-04-21 18:40:44,4.0,0.5
2020-04-21 18:41:45,3.0,0.5
2020-04-21 18:42:46,6.0,0.5
2020-04-21 19:32:13,6.0,0.5
2020-04-21 19:33:14,7.0,0.5
2020-04-21 19:34:16,7.0,0.5
2020-04-21 19:35:17,8.0,0.5
2020-04-21 19:36:18,6.0,0.5
2020-04-21 19:37:19,7.0,0.5
2020-04-21 19:38:20,8.0,0.5
2020-04-21 19:39:22,5.9,0.5
2020-04-21 19:40:23,6.9,0.5
2020-04-21 19:41:24,5.9,0.5
2020-04-21 19:42:25,6.0,0.5
2020-04-21 19:43:26,8.0,0.5
2020-04-21 19:44:28,8.0,0.5
2020-04-21 19:45:29,6.0,0.5
2020-04-21 19:46:30,7.0,0.5
2020-04-21 19:47:31,10.0,0.5
2020-04-21 19:48:32,6.0,0.5
2020-04-21 19:49:34,6.9,0.5
2020-04-21 21:36:14,7.0,0.5
2020-04-21 21:37:15,8.0,0.5
2020-04-21 21:38:16,7.0,0.5
2020-04-21 21:39:17,8.0,0.5
2020-04-21 21:40:19,5.0,0.5
2020-04-21 21:41:20,7.0,1.4
2020-04-21 21:42:21,6.0,1.9
2020-04-21 21:43:22,7.0,2.0
2020-04-21 21:44:23,6.9,1.5
2020-04-21 21:45:25,5.0,1.8
2020-04-21 21:46:26,8.0,1.7
2020-04-21 21:47:27,7.0,1.7
2020-04-21 21:48:28,7.0,1.8
2020-04-21 21:49:29,8.0,1.9
2020-04-21 21:50:31,3.0,1.7
2020-04-21 21:51:32,9.0,1.5
2020-04-21 21:52:33,8.9,2.0
2020-04-21 21:53:34,9.0,1.7
2020-04-21 21:54:36,8.0,1.8
2020-04-21 21:55:37,6.9,1.2
2020-04-21 21:56:38,9.0,1.7
2020-04-21 21:57:39,13.0,1.8
2020-04-21 21:58:40,10.0,2.1
2020-04-21 21:59:42,11.0,2.0
2020-04-21 22:00:43,31.7,1.6
2020-04-21 22:01:44,9.9,1.6
2020-04-21 22:02:45,9.0,1.0
2020-04-21 22:03:46,30.0,1.0
2020-04-21 22:04:48,11.0,1.2
2020-04-21 22:05:49,11.0,1.4
2020-04-21 22:06:50,29.0,1.0
2020-04-21 22:07:51,13.0,0.6
2020-04-21 22:08:52,12.0,0.7
2020-04-21 22:09:54,12.0,0.9
2020-04-21 22:10:55,10.0,1.0
2020-04-21 22:11:56,9.0,1.1
2020-04-21 22:12:57,10.9,0.8
2020-04-21 22:13:58,10.0,0.9
2020-04-21 22:15:00,11.0,1.0
2020-04-21 22:16:01,11.0,0.6
2020-04-21 22:17:02,9.0,0.7
2020-04-21 22:18:03,14.9,0.9
2020-04-21 22:19:04,12.0,1.0
2020-04-21 22:20:06,6.9,1.1
2020-04-21 22:21:07,14.0,1.2
2020-04-21 22:22:08,12.0,1.3
2020-04-21 22:23:09,11.0,1.3
2020-04-21 22:24:10,11.0,1.4
2020-04-21 22:25:12,11.0,1.4
2020-04-21 22:26:13,13.0,1.5
2020-04-21 22:27:14,11.0,1.4
2020-04-21 22:28:15,10.0,1.4
2020-04-21 22:29:16,11.0,1.4
2020-04-21 22:30:18,10.0,1.4
2020-04-21 22:31:19,10.0,1.4
2020-04-21 22:32:20,11.0,1.4
2020-04-21 22:33:21,10.0,1.4
2020-04-21 22:34:22,11.0,1.4
2020-04-21 22:35:23,12.9,1.4
2020-04-21 22:36:25,10.0,1.4
2020-04-21 22:37:26,5.0,1.4
2020-04-21 22:38:27,11.0,1.5
2020-04-21 22:39:28,12.0,1.4
2020-04-21 22:40:29,13.0,1.5
2020-04-21 22:41:31,12.0,1.4
2020-04-21 22:42:32,9.0,1.4
2020-04-21 22:43:33,13.0,1.4
2020-04-21 22:44:34,10.0,1.4
2020-04-21 22:45:35,11.9,1.4
2020-04-22 05:32:53,12.0,1.4
2020-04-22 05:33:54,10.9,1.4
2020-04-22 05:34:55,10.0,1.4
2020-04-22 05:35:56,8.0,1.4
2020-04-22 05:36:57,12.0,1.4
2020-04-22 05:37:59,12.0,1.4
2020-04-22 05:39:00,11.0,1.5
2020-04-22 06:11:32,12.0,1.4
2020-04-22 06:12:33,12.0,1.4
2020-04-22 06:13:34,11.0,1.4
2020-04-22 06:14:35,10.0,1.4
2020-04-22 06:15:37,10.9,1.4
2020-04-22 06:16:38,12.0,1.4
2020-04-22 06:17:39,9.0,1.4
2020-04-22 06:18:40,4.0,1.4
2020-04-22 06:19:42,11.9,1.4
2020-04-22 06:20:43,6.0,1.4
2020-04-22 06:21:44,11.0,1.4
2020-04-22 06:22:45,10.0,1.4
2020-04-22 06:23:46,10.0,1.4
2020-04-22 06:24:48,11.0,1.6
2020-04-22 06:25:49,14.0,1.4
2020-04-22 06:26:50,10.0,1.4
2020-04-22 06:27:51,11.0,0.6
2020-04-22 06:28:52,10.0,0.7
2020-04-22 08:48:15,13.0,0.8
2020-04-22 08:49:17,10.0,0.8
2020-04-22 08:50:18,12.0,0.8
2020-04-22 08:51:19,11.0,0.8
2020-04-22 08:52:20,10.0,0.8
2020-04-22 08:53:21,11.0,0.8
2020-04-22 08:54:23,6.0,0.8
2020-04-22 08:55:24,11.0,0.8
2020-04-22 08:56:25,11.0,0.8
2020-04-22 08:57:26,14.0,0.8
2020-04-22 08:58:27,11.0,0.8
2020-04-22 08:59:29,11.0,0.8
2020-04-22 09:00:30,11.0,0.8
2020-04-22 09:01:31,11.0,0.8
2020-04-22 09:02:32,6.9,0.8
2020-04-22 09:03:33,12.0,0.8
2020-04-22 09:04:35,8.0,0.8
2020-04-22 09:05:36,11.9,0.8
2020-04-22 09:06:37,10.0,0.8
2020-04-22 09:07:38,11.0,0.8
2020-04-22 09:08:39,12.0,0.8
2020-04-22 09:09:40,12.0,0.8
2020-04-22 09:10:42,12.0,0.8
2020-04-22 09:11:43,11.9,0.8
2020-04-22 09:12:44,12.0,0.8
2020-04-22 09:13:45,9.9,0.8
2020-04-22 09:14:47,12.0,0.8
2020-04-22 09:15:48,11.0,0.8
2020-04-22 09:16:49,10.0,0.8
2020-04-22 09:17:50,11.0,0.8
2020-04-22 09:18:51,7.9,0.8
2020-04-22 09:19:53,10.9,0.8
2020-04-22 09:20:54,10.0,0.8
2020-04-22 09:21:55,11.0,0.8
2020-04-22 09:22:56,14.0,0.8
2020-04-22 09:23:57,12.0,0.8
2020-04-22 10:29:11,12.0,0.8
2020-04-22 10:30:13,12.0,0.8
2020-04-22 10:31:14,10.9,0.8
2020-04-22 10:32:15,10.0,0.8
2020-04-22 10:33:16,9.0,0.8
2020-04-22 10:34:17,13.0,0.8
2020-04-22 10:35:19,11.0,0.8
2020-04-22 10:36:20,11.9,0.8
2020-04-22 10:37:21,11.0,0.8
2020-04-22 10:38:22,11.0,0.8
2020-04-22 10:39:23,12.9,0.8
2020-04-22 10:40:25,8.0,0.8
2020-04-22 10:41:26,7.0,0.5
2020-04-22 10:42:27,11.0,0.5
2020-04-22 10:43:28,12.0,0.5
2020-04-22 10:44:29,11.9,0.5
2020-04-22 10:45:31,11.0,0.5
2020-04-22 10:46:32,11.0,0.5
2020-04-22 10:47:33,11.0,0.5
2020-04-22 10:48:34,9.9,0.5
2020-04-22 10:49:35,12.0,0.5
2020-04-22 10:50:37,11.9,0.4
2020-04-22 10:51:38,12.0,0.4
2020-04-22 10:52:39,13.0,0.4
2020-04-22 10:53:40,14.0,0.4
2020-04-22 10:54:42,11.0,0.4
2020-04-22 10:55:43,7.0,0.4
2020-04-22 10:56:44,11.0,0.4
2020-04-22 10:57:45,12.0,0.4
2020-04-22 10:58:46,10.0,0.4
2020-04-22 10:59:48,12.0,0.4
2020-04-22 11:00:49,11.0,0.4
2020-04-22 11:01:50,12.0,0.8
2020-04-22 11:02:51,11.0,2.1
2020-04-22 11:03:52,10.0,1.3
2020-04-22 11:04:54,11.0,1.1
2020-04-22 11:05:55,11.0,1.3
2020-04-22 11:06:56,10.0,1.4
2020-04-22 11:07:57,9.0,1.4
2020-04-22 11:08:58,8.0,1.5
2020-04-22 11:10:00,12.0,1.4
2020-04-22 11:11:01,9.0,1.6
2020-04-22 11:12:02,8.0,1.5
2020-04-22 11:13:03,16.0,1.5
2020-04-22 11:14:04,8.0,1.5
2020-04-22 11:15:06,10.0,1.4
2020-04-22 11:16:07,11.0,1.5
2020-04-22 11:17:08,12.0,1.5
2020-04-22 11:18:09,12.0,1.5
2020-04-22 11:19:10,16.0,1.4
2020-04-22 17:47:01,13.0,1.5
2020-04-22 17:48:02,12.9,1.5
2020-04-22 17:49:03,12.0,1.5
2020-04-22 17:50:04,11.0,1.5
2020-04-22 17:51:05,12.0,0.7
2020-04-22 17:52:07,12.0,0.7
2020-04-22 17:53:08,10.0,0.7
2020-04-22 17:54:09,12.0,0.7
2020-04-22 17:55:10,12.0,0.7
2020-04-22 17:56:11,12.0,0.7
2020-04-22 17:57:13,12.0,0.7
2020-04-22 17:58:14,13.0,0.7
2020-04-22 17:59:15,12.0,0.7
2020-04-22 18:00:16,13.0,0.7
2020-04-22 18:01:17,10.0,0.7
2020-04-22 18:02:19,12.0,0.7
2020-04-22 18:03:20,12.0,0.7
2020-04-22 18:04:21,11.0,0.7
2020-04-22 18:05:22,9.0,0.7
2020-04-22 18:06:23,9.0,0.7
2020-04-23 05:43:52,13.0,0.6
2020-04-23 05:44:54,12.0,0.3
2020-04-23 05:45:55,6.0,0.3
2020-04-23 05:46:56,6.0,0.3
2020-04-23 05:47:57,15.0,0.3
2020-04-23 05:48:58,8.0,0.3
2020-04-23 05:50:00,17.0,0.3
2020-04-23 05:51:01,11.0,0.3
2020-04-23 05:52:02,8.9,0.3
2020-04-23 05:53:03,5.0,0.3
2020-04-23 05:54:05,9.0,0.3
2020-04-23 05:55:06,11.0,0.3
2020-04-23 05:56:07,8.0,0.3
2020-04-23 05:57:08,11.0,0.3
2020-04-23 05:58:09,13.0,0.3
2020-04-23 05:59:11,10.0,0.3
2020-04-23 06:00:12,10.9,0.3
2020-04-23 06:01:13,7.0,0.3
2020-04-23 06:02:14,11.0,0.3
2020-04-23 06:03:15,13.0,0.3
2020-04-23 06:04:17,13.0,0.3
2020-04-23 06:05:18,10.0,0.3
2020-04-23 06:06:19,5.0,0.3
2020-04-23 06:07:20,12.0,0.3
2020-04-23 06:08:21,10.0,0.3
2020-04-23 06:09:23,10.9,0.3
2020-04-23 06:10:24,9.0,0.3
2020-04-23 06:11:25,12.9,0.3
2020-04-23 06:12:26,11.0,0.3
2020-04-23 06:13:27,12.0,0.3
2020-04-23 06:14:28,12.0,1.0
2020-04-23 06:15:30,11.0,2.2
2020-04-23 06:16:31,13.9,2.0
2020-04-23 06:17:32,14.0,2.1
2020-04-23 06:18:33,14.9,1.8
2020-04-23 06:19:34,11.0,1.9
2020-04-23 06:20:36,12.0,1.7
2020-04-23 06:21:37,17.0,2.3
2020-04-23 06:22:38,10.0,1.7
2020-04-23 06:23:39,14.0,1.9
2020-04-23 06:24:40,12.0,1.6
2020-04-23 06:25:42,12.9,2.2
2020-04-23 06:26:43,29.7,1.6
2020-04-23 06:27:44,13.0,1.8
2020-04-23 06:28:45,13.9,2.0
2020-04-23 06:29:46,15.0,2.1
2020-04-23 06:30:48,13.9,1.5
2020-04-23 06:31:49,14.0,2.0
2020-04-23 06:32:50,13.0,2.1
2020-04-23 06:33:51,13.0,1.7
2020-04-23 06:34:52,32.0,1.8
2020-04-23 06:35:54,12.9,2.2
2020-04-23 06:36:55,15.0,1.6
2020-04-23 06:37:56,18.0,2.0
2020-04-23 06:38:57,16.0,1.6
2020-04-23 06:39:58,15.0,2.2
2020-04-23 06:40:59,16.0,2.0
2020-04-23 06:42:01,13.9,2.2
2020-04-23 06:43:02,18.0,1.9
2020-04-23 06:44:03,17.8,1.6
2020-04-23 06:45:04,17.0,2.0
2020-04-23 06:46:05,16.0,1.6
2020-04-23 06:47:07,16.0,2.2
2020-04-23 06:48:08,17.0,1.8
2020-04-23 06:49:09,19.0,2.2
2020-04-23 06:50:10,18.0,1.5
2020-04-23 06:51:11,17.0,2.2
2020-04-23 06:52:13,18.8,1.5
2020-04-23 06:53:14,17.0,1.8
2020-04-23 06:54:21,18.8,1.7
2020-04-23 08:51:27,14.0,1.5
2020-04-23 08:52:28,17.0,1.5
2020-04-23 08:53:29,17.0,1.5
2020-04-23 08:54:30,16.0,1.5
2020-04-23 08:55:31,16.8,1.5
2020-04-23 08:56:32,16.0,1.5
2020-04-23 08:57:34,18.0,1.5
2020-04-23 08:58:35,17.0,1.5
2020-04-23 08:59:36,16.0,1.5
2020-04-23 09:00:37,20.0,1.5
2020-04-23 09:01:38,21.0,1.5
2020-04-23 09:02:40,15.8,1.5
2020-04-23 09:03:41,18.8,1.5
2020-04-23 09:04:42,10.0,1.5
2020-04-23 09:05:43,16.0,1.5
2020-04-23 09:06:44,15.0,1.5
2020-04-23 09:07:46,18.0,1.5
2020-04-23 09:08:47,14.0,1.5
2020-04-23 09:09:48,17.0,1.5
2020-04-23 09:10:49,18.0,1.5
2020-04-23 09:11:50,19.0,1.5
2020-04-23 09:12:52,20.0,1.5
2020-04-23 09:13:53,16.0,1.5
2020-04-23 09:14:54,17.0,1.5
2020-04-23 09:15:55,19.0,1.5
2020-04-23 09:16:56,19.0,1.5
2020-04-23 09:17:58,16.0,1.5
2020-04-23 09:18:59,18.0,1.5
2020-04-23 09:20:00,19.0,1.5
2020-04-23 09:21:01,20.0,1.5
2020-04-23 09:22:02,19.0,1.5
2020-04-23 09:23:04,19.0,1.5
2020-04-23 09:24:05,20.0,1.5
2020-04-23 09:25:06,18.8,1.5
2020-04-23 09:26:07,18.0,1.5
2020-04-23 09:27:08,18.0,1.5
2020-04-23 09:28:10,18.0,1.5
2020-04-23 09:29:11,18.8,1.5
2020-04-23 09:30:12,19.0,1.5
2020-04-23 09:31:13,18.0,1.5
2020-04-23 09:32:14,19.8,1.5
2020-04-23 09:33:16,19.0,1.5
2020-04-23 09:34:17,19.0,1.5
2020-04-23 09:35:18,19.0,1.5
2020-04-23 09:36:19,18.0,1.5
2020-04-23 09:37:20,17.0,1.5
2020-04-23 09:38:22,19.0,1.5
2020-04-23 09:39:23,16.0,1.5
2020-04-23 09:40:24,17.0,1.5
2020-04-23 09:41:25,18.0,1.5
2020-04-23 09:42:26,19.0,1.5
2020-04-23 09:43:28,17.0,1.5
2020-04-23 09:44:29,19.0,1.5
2020-04-23 09:45:30,19.0,1.5
2020-04-23 09:46:31,19.0,1.5
2020-04-23 09:47:32,21.0,1.5
2020-04-23 09:48:34,19.0,1.5
2020-04-23 09:49:35,17.0,1.5
2020-04-23 09:50:36,19.0,1.5
2020-04-23 09:51:37,14.0,1.5
2020-04-23 09:52:38,20.8,1.5
2020-04-23 09:53:39,19.0,1.5
2020-04-23 09:54:41,18.0,1.5
2020-04-23 09:55:42,21.0,1.5
2020-04-23 09:56:43,17.0,1.5
2020-04-23 09:57:44,19.0,1.5
2020-04-23 09:58:45,17.0,1.5
2020-04-23 09:59:47,20.8,1.5
2020-04-23 10:00:48,18.0,1.5
2020-04-23 10:01:49,19.0,1.5
2020-04-23 10:02:50,19.0,1.5
2020-04-23 10:03:51,19.8,1.5
2020-04-23 10:04:53,20.0,1.5
2020-04-23 10:05:54,19.0,1.5
2020-04-23 10:06:55,18.0,1.5
2020-04-23 10:07:56,19.0,1.5
2020-04-23 10:08:57,19.0,1.5
2020-04-23 10:09:59,17.0,1.5
2020-04-23 10:11:00,17.0,1.5
2020-04-23 10:12:01,20.0,1.5
2020-04-23 10:13:02,19.0,1.5
2020-04-23 10:14:04,18.0,1.5
2020-04-23 10:15:05,16.8,1.5
2020-04-23 10:16:06,20.0,1.5
2020-04-23 10:17:07,16.0,1.5
2020-04-23 10:18:08,19.0,1.5
2020-04-23 10:19:09,20.0,1.5
2020-04-23 10:20:11,17.0,1.5
2020-04-23 10:21:12,20.0,1.5
2020-04-23 10:22:13,19.0,1.5
2020-04-23 10:23:14,19.8,1.5
2020-04-23 10:24:15,16.8,1.5
2020-04-23 10:25:17,18.0,1.5
2020-04-23 10:26:18,18.0,1.5
2020-04-23 10:27:19,19.0,1.5
2020-04-23 10:28:20,20.0,1.5
2020-04-23 10:29:22,20.0,1.5
2020-04-23 10:30:23,19.0,1.5
2020-04-23 10:31:24,21.0,1.5
2020-04-23 10:32:25,20.8,1.5
2020-04-23 10:33:26,17.8,1.5
2020-04-23 10:34:28,20.0,1.5
2020-04-23 10:35:29,18.0,1.5
2020-04-23 10:36:30,19.0,1.5
2020-04-23 10:37:31,17.0,1.5
2020-04-23 10:38:32,19.0,1.5
2020-04-23 10:39:34,20.0,1.5
2020-04-23 10:40:35,18.8,1.5
2020-04-23 10:41:36,20.0,1.5
2020-04-23 10:42:37,17.8,1.5
2020-04-23 10:43:38,20.0,1.5
2020-04-23 10:44:40,20.0,1.5
2020-04-23 10:45:41,22.0,1.5
2020-04-23 10:46:42,20.0,1.5
2020-04-23 10:47:43,19.0,1.5
2020-04-23 10:48:44,21.0,1.5
2020-04-23 10:49:46,19.0,1.5
2020-04-23 10:50:47,20.0,1.5
2020-04-23 10:51:48,22.0,1.5
2020-04-23 10:52:49,21.0,1.5
2020-04-23 10:53:50,21.0,1.5
2020-04-23 10:54:52,20.0,1.5
2020-04-23 10:55:53,14.0,1.5
2020-04-23 10:56:54,20.0,1.5
2020-04-23 10:57:55,19.0,1.5
2020-04-23 10:58:56,19.0,1.5
2020-04-23 10:59:58,20.0,1.4
2020-04-23 11:00:59,14.0,1.5
2020-04-23 11:02:00,21.0,1.6
2020-04-23 11:03:01,18.0,1.5
2020-04-23 11:04:02,19.0,1.5
2020-04-23 11:05:04,19.0,1.4
2020-04-23 11:06:05,20.0,1.5
2020-04-23 11:07:06,20.0,1.5
2020-04-23 11:08:07,16.0,1.5
2020-04-23 11:09:08,16.0,1.5
2020-04-23 11:10:10,19.0,1.5
2020-04-23 11:11:11,24.0,1.5
2020-04-23 12:54:09,20.0,1.5
2020-04-23 12:55:10,16.0,1.5
2020-04-23 12:56:12,22.0,1.5
2020-04-23 12:57:13,21.0,1.5
2020-04-23 12:58:14,23.0,1.5
2020-04-23 12:59:15,18.0,1.5
2020-04-23 13:00:16,24.0,1.5
2020-04-23 13:01:18,22.8,1.5
2020-04-23 13:02:19,19.0,1.5
2020-04-23 13:03:20,19.0,1.5
2020-04-23 13:04:21,19.0,1.5
2020-04-23 13:05:22,15.0,1.5
2020-04-23 13:06:24,19.0,1.5
2020-04-23 13:07:25,18.8,1.5
2020-04-23 13:08:26,17.0,1.5
2020-04-23 13:09:27,19.0,1.5
2020-04-23 13:10:28,21.0,1.5
2020-04-23 13:11:30,19.0,1.5
2020-04-23 13:12:31,20.8,1.5
2020-04-23 13:13:32,20.0,1.5
2020-04-23 13:14:33,19.0,1.5
2020-04-23 13:15:35,18.0,1.5
2020-04-23 13:16:36,18.0,1.5
2020-04-23 13:17:37,12.0,1.5
2020-04-23 13:18:38,13.0,1.5
2020-04-23 13:19:39,16.0,1.5
2020-04-23 13:20:40,15.0,1.5
2020-04-23 13:21:42,12.0,1.5
2020-04-23 13:22:43,17.0,1.5
2020-04-23 13:23:44,14.0,1.5
2020-04-23 13:24:45,16.0,1.5
2020-04-23 13:25:46,14.9,1.5
2020-04-23 13:26:48,15.0,1.5
2020-04-23 13:27:49,13.0,1.5
2020-04-23 13:28:50,13.0,1.5
2020-04-23 13:29:51,16.0,1.5
2020-04-23 13:30:52,16.0,1.5
2020-04-23 13:31:54,15.0,1.5
2020-04-23 13:32:55,13.0,1.5
2020-04-23 13:33:56,15.0,1.5
2020-04-23 13:34:57,15.0,1.5
2020-04-23 13:35:58,14.0,1.5
2020-04-23 13:36:59,16.0,1.5
2020-04-23 13:38:01,14.0,1.5
2020-04-23 13:39:02,11.9,1.5
2020-04-23 13:40:03,18.0,1.5
2020-04-23 13:41:04,18.0,1.5
2020-04-23 13:42:05,15.0,1.5
2020-04-23 13:43:07,13.0,1.5
2020-04-23 13:44:08,13.0,1.5
2020-04-23 13:45:09,13.0,1.5
2020-04-23 13:46:10,14.0,1.5
2020-04-23 13:47:11,16.0,1.5
2020-04-23 13:48:13,13.0,1.5
2020-04-23 13:49:14,13.0,1.5
2020-04-23 13:50:15,14.0,1.5
2020-04-23 13:51:16,15.0,1.5
2020-04-23 13:52:17,14.0,1.5
2020-04-23 13:53:19,13.0,1.5
2020-04-23 13:54:20,13.0,1.5
2020-04-23 13:55:21,13.0,1.5
2020-04-23 13:56:22,18.0,1.5
2020-04-23 13:57:23,13.0,1.5
2020-04-23 13:58:24,14.9,1.5
2020-04-23 13:59:26,13.9,1.5
2020-04-23 14:00:27,15.0,1.5
2020-04-23 14:01:28,15.0,1.5
2020-04-23 14:02:29,20.0,1.5
2020-04-23 14:03:30,19.0,1.5
2020-04-23 14:04:32,20.0,1.5
2020-04-23 14:05:33,17.8,1.5
2020-04-23 14:06:34,17.0,1.5
2020-04-23 14:07:35,18.0,1.5
2020-04-23 14:08:36,14.0,1.5
2020-04-23 14:09:38,20.0,1.5
2020-04-24 06:06:19,17.0,1.5
2020-04-24 06:07:20,19.0,1.6
2020-04-24 06:08:21,19.0,1.8
2020-04-24 06:09:22,20.0,1.6
2020-04-24 06:10:24,29.0,1.7
2020-04-24 06:11:25,20.0,2.0
2020-04-24 06:12:26,22.0,2.2
2020-04-24 06:13:27,38.0,2.3
2020-04-24 06:14:28,19.8,2.0
2020-04-24 06:15:30,20.0,2.0
2020-04-24 06:16:31,23.0,1.9
2020-04-24 06:17:32,19.0,2.3
2020-04-24 06:18:33,19.0,1.8
2020-04-24 06:19:34,20.0,1.8
2020-04-24 06:20:36,21.8,1.6
2020-04-24 06:21:37,38.0,2.3
2020-04-24 06:22:38,22.0,2.2
2020-04-24 06:23:39,20.8,1.6
2020-04-24 06:24:40,24.0,1.6
2020-04-24 06:25:42,20.0,2.1
2020-04-24 06:26:43,22.0,1.6
2020-04-24 06:27:44,22.0,2.1
2020-04-24 06:28:45,26.0,2.3
2020-04-24 06:29:46,23.8,1.8
2020-04-24 06:30:48,22.8,2.0
2020-04-24 06:31:49,23.0,1.8
2020-04-24 06:32:50,39.0,2.4
2020-04-24 06:33:51,22.0,1.9
2020-04-24 06:34:52,25.0,1.6
2020-04-24 06:35:54,26.7,2.3
2020-04-24 06:36:55,24.0,1.5
2020-04-24 06:37:56,21.0,2.2
2020-04-24 06:38:57,25.0,1.9
2020-04-24 06:39:58,26.0,1.9
2020-04-24 06:41:00,25.7,1.8
2020-04-24 06:42:01,24.0,1.9
2020-04-24 06:43:02,28.0,1.8
2020-04-24 06:44:03,26.0,2.0
2020-04-24 06:45:04,25.0,2.0
2020-04-24 06:46:06,24.0,2.2
2020-04-24 06:47:07,25.7,1.8
2020-04-24 06:48:08,41.0,2.1
2020-04-24 06:49:09,26.0,2.3
2020-04-24 06:50:10,27.0,2.0
2020-04-24 06:51:12,25.0,2.0
2020-04-24 06:52:13,25.0,1.8
2020-04-24 06:53:14,27.0,1.6
2020-04-24 06:54:15,26.0,2.3
2020-04-24 06:55:16,28.0,2.1
2020-04-24 06:56:18,36.0,1.9
2020-04-24 06:57:19,26.0,1.8
2020-04-24 06:58:20,29.7,1.7
2020-04-24 06:59:21,23.0,2.3
2020-04-24 07:00:22,30.0,1.6
2020-04-24 07:01:24,28.0,1.6
2020-04-24 07:02:25,27.7,1.7
2020-04-24 07:03:26,32.0,1.5
2020-04-24 07:04:27,29.7,1.6
2020-04-24 07:05:28,29.7,1.5
2020-04-24 07:06:30,30.0,1.6
2020-04-24 07:07:31,28.7,1.6
2020-04-24 07:08:32,31.0,2.3
2020-04-24 07:09:33,28.0,2.1
2020-04-24 07:10:34,31.0,1.9
2020-04-24 08:49:41,22.0,1.8
2020-04-24 08:50:42,34.0,1.9
2020-04-24 08:51:43,31.0,1.9
2020-04-24 08:52:45,30.0,1.9
2020-04-24 08:53:46,33.0,1.9
2020-04-24 08:54:47,30.0,1.9
2020-04-24 08:55:48,32.0,1.9
2020-04-24 08:56:49,30.0,1.9
2020-04-24 08:57:51,12.0,1.9
2020-04-24 08:58:52,29.7,1.9
2020-04-24 08:59:53,28.0,1.9
2020-04-24 09:00:54,32.0,1.9
2020-04-24 09:01:55,28.0,1.9
2020-04-24 09:02:57,30.0,1.9
2020-04-24 09:03:58,30.7,1.9
2020-04-24 09:04:59,30.0,1.9
2020-04-24 09:06:00,26.0,1.9
2020-04-24 09:07:01,31.0,1.9
2020-04-24 09:08:03,31.0,1.9
2020-04-24 09:09:04,32.0,1.9
2020-04-24 09:10:05,28.0,1.9
2020-04-24 09:11:06,31.0,1.9
2020-04-24 09:12:07,29.7,1.9
2020-04-24 09:13:09,30.0,1.9
2020-04-24 09:14:10,29.0,1.9
2020-04-24 09:15:11,27.0,1.9
2020-04-24 09:16:12,32.0,1.9
2020-04-24 09:17:13,26.0,1.9
2020-04-24 09:18:15,26.0,1.9
2020-04-24 09:19:16,25.7,1.9
2020-04-24 09:20:17,31.0,1.9
2020-04-24 09:21:18,19.0,1.9
2020-04-24 09:22:19,20.0,1.9
2020-04-24 09:23:21,28.0,1.9
2020-04-24 09:24:22,31.0,1.9
2020-04-24 09:34:35,33.0,1.9
2020-04-24 09:35:36,24.0,1.9
2020-04-24 09:36:37,33.0,1.9
2020-04-24 09:37:39,29.7,1.9
2020-04-24 09:38:40,32.0,1.9
2020-04-24 09:39:41,29.7,1.9
2020-04-24 09:40:42,30.7,1.9
2020-04-24 09:41:43,31.0,1.9
2020-04-24 09:42:45,31.0,1.9
2020-04-24 09:43:46,31.0,1.9
2020-04-24 09:44:47,29.0,1.9
2020-04-24 09:45:48,33.0,1.9
2020-04-24 09:46:49,25.0,1.9
2020-04-24 09:47:51,27.0,1.9
2020-04-24 09:48:52,28.0,1.9
2020-04-24 09:49:53,29.7,1.8
2020-04-24 09:50:54,29.0,1.8
2020-04-24 09:51:55,31.0,1.8
2020-04-24 09:52:57,31.0,1.8
2020-04-24 09:53:58,26.0,1.8
2020-04-24 09:54:59,31.0,1.8
2020-04-24 09:56:00,31.0,1.8
2020-04-24 09:57:01,27.0,1.8
2020-04-24 09:58:03,28.0,1.8
2020-04-24 09:59:04,30.0,1.8
2020-04-24 10:00:05,32.0,1.8
2020-04-24 10:01:06,31.0,1.8
2020-04-24 10:02:08,29.0,1.8
2020-04-24 10:03:09,30.0,1.8
2020-04-24 10:04:10,30.0,1.8
2020-04-24 10:05:11,29.7,1.8
2020-04-24 10:06:12,31.0,1.8
2020-04-24 10:07:14,29.7,1.8
2020-04-24 10:08:15,33.0,1.8
2020-04-24 14:54:57,30.0,1.8
2020-04-24 14:55:58,29.0,1.8
2020-04-24 14:56:59,32.0,1.8
2020-04-24 14:58:01,26.0,1.8
2020-04-24 14:59:02,32.0,1.8
2020-04-24 15:00:03,32.0,1.8
2020-04-24 15:01:04,23.8,1.8
2020-04-24 15:02:05,29.0,1.8
2020-04-24 15:03:07,30.0,1.8
2020-04-24 15:04:08,29.0,1.8
2020-04-24 15:05:09,23.0,1.8
2020-04-24 15:06:10,24.8,1.8
2020-04-24 15:07:11,29.0,1.8
2020-04-24 15:08:13,27.0,1.8
2020-04-24 15:09:14,33.7,1.8
2020-04-24 15:10:15,31.0,1.8
2020-04-24 15:11:16,32.0,1.8
2020-04-24 15:12:17,33.7,1.8
2020-04-24 15:13:19,30.0,1.8
2020-04-24 15:14:20,21.8,1.7
2020-04-24 15:15:21,22.0,1.7
2020-04-24 15:16:22,29.0,1.7
2020-04-24 15:17:23,28.0,1.7
2020-04-24 15:18:25,20.0,1.7
2020-04-24 15:19:26,19.0,1.7
2020-04-24 15:20:27,30.7,1.7
2020-04-24 15:21:28,32.0,1.7
2020-04-24 15:22:29,29.0,1.7
2020-04-24 15:23:31,30.7,1.7
2020-04-24 15:24:32,31.7,1.7
2020-04-24 15:25:33,34.0,1.7
2020-04-24 15:26:34,16.0,1.7
2020-04-24 15:27:35,19.0,1.7
2020-04-24 15:28:37,28.0,1.7
2020-04-24 15:29:38,30.0,1.7
2020-04-24 15:30:39,31.0,1.7
2020-04-24 15:31:40,32.0,1.7
2020-04-24 15:32:41,32.0,1.7
2020-04-24 15:33:43,25.0,1.7
2020-04-24 15:34:44,27.0,1.7
2020-04-24 15:35:45,27.0,1.7
2020-04-24 15:36:46,28.0,1.7
2020-04-24 15:37:47,29.0,1.7
2020-04-24 15:38:49,29.0,1.7
2020-04-24 15:39:50,30.0,1.7
2020-04-24 15:40:51,26.0,1.7
2020-04-24 15:41:52,27.0,1.7
2020-04-24 15:42:53,29.0,1.7
2020-04-24 15:43:55,35.0,1.7
2020-04-24 15:44:56,31.0,1.7
2020-04-24 15:45:57,27.0,1.7
2020-04-24 15:46:58,30.0,1.7
2020-04-24 15:47:59,26.0,1.7
2020-04-24 15:49:00,28.0,1.7
2020-04-24 15:50:02,30.0,1.7
2020-04-24 15:51:03,28.0,1.7
2020-04-24 15:52:04,29.0,1.7
2020-04-24 15:53:05,31.0,1.7
2020-04-24 15:54:06,28.7,1.7
2020-04-24 15:55:08,28.0,1.7
2020-04-24 15:56:09,26.0,1.7
2020-04-24 19:49:13,28.0,1.7
2020-04-24 19:50:15,14.0,1.7
2020-04-24 19:51:16,16.0,1.7
2020-04-24 19:52:17,26.7,1.7
2020-04-24 19:53:18,28.0,1.7
2020-04-24 19:54:19,29.0,1.7
2020-04-24 19:55:21,27.0,1.7
2020-04-24 19:56:22,25.7,1.7
2020-04-24 19:57:23,26.7,1.7
2020-04-24 19:58:24,28.7,1.7
2020-04-24 19:59:25,24.0,1.7
2020-04-24 20:00:27,24.8,1.7
2020-04-24 20:01:28,21.0,1.7
2020-04-24 20:02:29,24.0,1.7
2020-04-24 20:03:30,26.0,1.7
2020-04-24 20:04:31,30.0,1.7
2020-04-24 20:05:33,32.0,1.7
2020-04-24 20:06:34,29.7,1.7
2020-04-24 20:07:35,32.0,1.7
2020-04-24 20:08:36,32.0,1.7
2020-04-24 20:09:37,30.0,1.7
2020-04-24 20:10:39,32.0,1.7
2020-04-24 20:11:40,32.0,1.7
2020-04-24 20:12:41,32.0,1.7
2020-04-24 20:13:42,33.0,1.7
2020-04-24 20:14:43,30.0,1.7
2020-04-24 20:15:45,33.7,1.7
2020-04-24 20:16:46,32.0,1.7
2020-04-24 20:17:47,33.0,1.7
2020-04-24 20:18:48,31.0,1.7
2020-04-25 05:19:11,25.0,1.7
2020-04-25 05:20:12,30.0,1.7
2020-04-25 05:21:13,25.0,1.7
2020-04-25 05:22:14,28.0,1.7
2020-04-25 05:23:16,30.7,1.7
2020-04-25 05:24:17,29.0,1.7
2020-04-25 05:25:18,28.0,1.7
2020-04-25 05:26:19,28.0,1.7
2020-04-25 05:38:04,29.0,2.1
2020-04-25 05:39:05,29.0,1.5
2020-04-25 05:40:06,31.0,1.5
2020-04-25 05:41:07,45.5,1.8
2020-04-25 05:42:09,29.0,2.1
2020-04-25 05:43:10,30.0,1.6
2020-04-25 05:44:11,30.0,1.7
2020-04-25 05:45:12,30.0,1.5
2020-04-25 05:46:13,46.0,2.2
2020-04-25 05:47:15,31.0,1.9
2020-04-25 05:48:16,31.0,1.7
2020-04-25 05:49:17,28.0,1.7
2020-04-25 05:50:18,28.0,2.1
2020-04-25 05:51:19,32.0,1.9
2020-04-25 05:52:21,28.0,1.9
2020-04-25 05:53:22,34.7,1.7
2020-04-25 05:54:23,45.0,1.5
2020-04-25 05:55:24,29.7,2.1
2020-04-25 05:56:25,31.7,1.9
2020-04-25 05:57:26,32.0,1.8
2020-04-25 05:58:28,32.7,1.9
2020-04-25 05:59:29,48.5,2.3
2020-04-25 06:00:30,31.0,1.7
2020-04-25 06:01:31,45.0,2.1
2020-04-25 06:02:32,32.0,1.9
2020-04-25 06:03:34,34.0,1.7
2020-04-25 06:04:35,30.0,1.7
2020-04-25 06:05:36,31.0,1.5
2020-04-25 06:06:37,46.0,2.2
2020-04-25 06:07:38,33.7,1.9
2020-04-25 06:08:39,36.0,1.7
2020-04-25 06:09:41,32.7,2.2
2020-04-25 06:10:42,33.0,2.1
2020-04-25 06:11:43,39.6,2.1
2020-04-25 06:12:44,35.0,1.6
2020-04-25 06:13:45,45.0,2.2
2020-04-25 06:14:47,32.0,1.9
2020-04-25 06:15:48,33.0,1.5
2020-04-25 06:16:49,35.0,2.2
2020-04-25 06:17:50,34.0,1.9
2020-04-25 06:18:51,33.7,1.7
2020-04-25 06:19:53,35.0,2.2
2020-04-25 06:20:54,36.0,1.9
2020-04-25 06:21:55,34.0,1.7
2020-04-25 06:22:56,33.0,1.7
2020-04-25 06:23:57,40.0,2.0
2020-04-25 06:24:59,37.0,2.0
2020-04-25 06:26:00,36.0,1.7
2020-04-25 06:27:01,37.0,2.2
2020-04-25 06:28:02,40.0,2.1
2020-04-25 06:29:03,41.0,1.8
2020-04-25 06:30:04,38.6,1.9
2020-04-25 06:31:06,35.0,1.5
2020-04-25 06:32:07,36.6,2.0
2020-04-25 06:33:08,48.0,2.2
2020-04-25 06:34:09,41.6,2.0
2020-04-25 06:35:10,39.0,1.9
2020-04-25 06:36:12,38.6,2.2
2020-04-25 06:37:13,38.0,1.6
2020-04-25 06:38:14,42.0,1.6
2020-04-25 06:39:15,37.0,1.5
2020-04-25 06:40:16,40.0,1.4
2020-04-25 06:41:18,44.0,1.4
2020-04-25 06:42:19,38.0,1.4
2020-04-25 06:43:20,37.0,1.5
2020-04-25 06:44:21,39.0,1.5
2020-04-25 06:45:22,38.0,1.4
2020-04-25 06:46:23,43.0,1.5
2020-04-25 06:47:25,37.6,1.4
2020-04-25 06:48:26,37.0,1.5
2020-04-25 06:49:27,37.6,1.5
2020-04-25 06:50:28,38.0,1.5
2020-04-25 06:51:29,37.0,1.5
2020-04-25 06:52:31,37.0,1.5
2020-04-25 06:53:32,45.0,1.5
2020-04-25 06:54:33,36.0,1.5
2020-04-25 06:55:34,37.0,1.5
2020-04-25 06:56:35,35.6,1.5
2020-04-25 06:57:37,34.0,1.5
2020-04-25 06:58:38,38.0,1.5
2020-04-25 06:59:39,38.6,1.5
2020-04-25 07:00:40,35.6,1.5
2020-04-25 07:01:41,38.0,1.5
2020-04-25 07:02:43,36.0,1.5
2020-04-25 07:03:44,36.0,1.5
2020-04-25 07:04:45,37.0,1.6
2020-04-25 07:05:46,34.0,1.5
2020-04-25 07:06:47,38.0,1.5
2020-04-25 07:07:48,37.0,1.4
2020-04-25 07:08:50,38.0,1.5
2020-04-25 07:09:51,36.0,1.5
2020-04-25 07:10:52,38.0,1.5
2020-04-25 07:11:53,38.0,1.5
2020-04-25 07:12:54,39.0,1.5
2020-04-25 07:13:56,37.0,1.5
2020-04-25 07:14:57,38.0,1.5
2020-04-25 07:15:58,36.0,1.4
2020-04-25 07:16:59,37.0,1.5
2020-04-25 07:18:00,38.0,1.5
2020-04-25 07:19:02,37.6,1.5
2020-04-25 07:20:03,36.0,1.5
2020-04-25 07:21:04,38.0,1.5
2020-04-25 07:22:05,39.0,1.6
2020-04-25 07:23:06,38.0,1.5
2020-04-25 07:24:08,39.0,1.5
2020-04-25 07:25:09,34.0,1.6
2020-04-25 07:26:10,38.0,1.5
2020-04-25 07:27:11,36.6,1.6
2020-04-25 07:28:12,38.0,1.5
2020-04-25 07:29:14,37.0,1.5
2020-04-25 07:30:15,39.0,1.5
2020-04-25 07:31:16,34.0,1.5
2020-04-25 07:32:17,37.0,1.5
2020-04-25 07:33:18,35.6,1.5
2020-04-25 07:34:20,38.0,1.5
2020-04-25 07:35:21,36.0,1.6
2020-04-25 07:36:22,35.0,1.5
2020-04-25 07:37:23,36.0,1.6
2020-04-25 07:38:24,39.0,1.5
2020-04-25 07:39:26,40.0,1.5
2020-04-25 07:40:27,33.7,1.5
2020-04-25 07:41:28,37.0,1.5
2020-04-25 07:42:29,37.0,1.5
2020-04-25 07:43:30,36.0,1.5
2020-04-25 07:44:32,39.0,1.5
2020-04-25 07:45:33,36.0,1.5
2020-04-25 07:46:34,40.0,1.6
2020-04-25 07:47:35,42.0,1.5
2020-04-25 07:48:36,36.0,1.5
2020-04-25 07:49:37,38.0,1.5
2020-04-25 07:50:39,35.0,1.5
2020-04-25 07:51:40,37.6,1.5
2020-04-25 07:52:41,38.6,1.5
2020-04-25 07:53:42,38.0,1.6
2020-04-25 07:54:43,37.0,1.5
2020-04-25 07:55:45,40.0,1.5
2020-04-25 07:56:46,42.0,1.6
2020-04-25 07:57:47,41.6,1.5
2020-04-25 07:58:48,39.0,1.6
2020-04-25 07:59:49,43.0,2.1
2020-04-25 08:00:51,44.0,2.3
2020-04-25 08:01:52,39.0,2.1
2020-04-25 08:02:53,52.0,2.3
2020-04-25 08:03:54,38.0,2.0
2020-04-25 08:04:55,40.6,1.9
2020-04-25 08:05:57,39.0,1.8
2020-04-25 08:06:58,38.6,1.5
2020-04-25 08:07:59,41.0,1.5
2020-04-25 08:09:00,37.0,1.5
2020-04-25 08:10:01,39.6,1.6
2020-04-25 08:11:03,38.0,1.6
2020-04-25 08:12:04,41.6,1.7
2020-04-25 08:13:05,38.0,1.6
2020-04-25 08:14:06,35.0,1.5
2020-04-25 08:15:07,40.0,1.6
2020-04-25 08:16:08,39.0,1.6
2020-04-25 08:17:10,36.0,1.6
2020-04-25 08:18:11,38.0,1.6
2020-04-25 08:19:12,35.0,1.5
2020-04-25 08:20:13,40.0,1.6
2020-04-25 08:21:15,37.0,1.6
2020-04-25 08:22:16,38.0,1.5
2020-04-25 08:23:17,36.0,1.6
2020-04-25 08:24:18,35.6,1.5
2020-04-25 08:25:19,40.0,1.6
2020-04-25 08:26:20,40.0,1.6
2020-04-25 08:27:22,39.0,1.6
2020-04-25 08:28:23,36.0,1.5
2020-04-25 08:29:24,37.0,1.6
2020-04-25 08:30:25,37.0,1.6
2020-04-25 08:31:26,37.6,1.6
2020-04-25 08:32:28,38.0,1.6
2020-04-25 08:33:29,40.0,1.6
2020-04-25 08:34:30,38.0,1.5
2020-04-25 08:35:31,38.6,1.6
2020-04-25 08:36:32,39.0,1.6
2020-04-25 08:37:34,41.6,1.5
2020-04-25 08:38:35,38.0,1.6
2020-04-25 08:39:36,41.0,1.6
2020-04-25 08:40:37,39.0,1.6
2020-04-25 08:41:38,37.0,1.6
2020-04-25 09:35:19,40.6,1.6
2020-04-25 09:36:21,43.0,1.6
2020-04-25 09:37:22,39.0,1.6
2020-04-25 09:38:23,41.6,1.6
2020-04-25 09:39:24,33.0,1.6
2020-04-25 09:40:25,40.0,1.6
2020-04-25 09:41:27,46.0,1.6
2020-04-25 09:42:28,39.0,1.6
2020-04-25 09:43:29,43.0,1.6
2020-04-25 09:44:30,39.6,1.6
2020-04-25 09:45:31,46.0,1.6
2020-04-25 09:46:33,41.6,1.6
2020-04-25 09:47:34,38.0,2.2
2020-04-25 09:48:35,40.0,2.0
2020-04-25 09:49:36,39.0,2.2
2020-04-25 09:50:37,46.0,2.0
2020-04-25 09:51:38,39.0,2.1
2020-04-25 09:52:40,41.0,2.4
2020-04-25 09:53:41,45.0,1.8
2020-04-25 09:54:42,44.0,2.4
2020-04-25 09:55:43,38.0,1.8
2020-04-25 09:56:44,38.0,2.4
2020-04-25 09:57:46,41.0,2.0
2020-04-25 09:58:47,58.0,2.1
2020-04-25 09:59:48,39.0,1.8
2020-04-25 10:00:49,47.0,2.4
2020-04-25 10:01:50,45.0,2.0
2020-04-25 10:02:52,42.0,1.7
2020-04-25 10:03:53,52.0,2.4
2020-04-25 10:04:54,40.0,2.2
2020-04-25 10:05:55,41.0,1.9
2020-04-25 10:06:56,49.0,2.1
2020-04-25 10:07:58,39.0,1.9
2020-04-25 10:08:59,41.0,1.9
2020-04-25 10:10:00,42.0,2.1
2020-04-25 10:11:01,35.0,2.4
